2022-09-30 07:54:39.899  INFO [Driver Onboarding Application,,] 44899 --- [restartedMain] c.i.onboarding.OnboardingApplication     : Starting OnboardingApplication using Java 1.8.0_232 on LM-BGL-42621363 with PID 44899 (/Users/neerajakumar/Downloads/onboarding/target/classes started by neerajakumar in /Users/neerajakumar/Downloads/onboarding)
2022-09-30 07:54:39.917  INFO [Driver Onboarding Application,,] 44899 --- [restartedMain] c.i.onboarding.OnboardingApplication     : No active profile set, falling back to 1 default profile: "default"
2022-09-30 07:54:40.070  INFO [Driver Onboarding Application,,] 44899 --- [restartedMain] .e.DevToolsPropertyDefaultsPostProcessor : Devtools property defaults active! Set 'spring.devtools.add-properties' to 'false' to disable
2022-09-30 07:54:40.071  INFO [Driver Onboarding Application,,] 44899 --- [restartedMain] .e.DevToolsPropertyDefaultsPostProcessor : For additional web related logging consider setting the 'logging.level.web' property to 'DEBUG'
2022-09-30 07:54:41.891  INFO [Driver Onboarding Application,,] 44899 --- [restartedMain] .s.d.r.c.RepositoryConfigurationDelegate : Multiple Spring Data modules found, entering strict repository configuration mode
2022-09-30 07:54:41.895  INFO [Driver Onboarding Application,,] 44899 --- [restartedMain] .s.d.r.c.RepositoryConfigurationDelegate : Bootstrapping Spring Data JPA repositories in DEFAULT mode.
2022-09-30 07:54:42.123  INFO [Driver Onboarding Application,,] 44899 --- [restartedMain] .s.d.r.c.RepositoryConfigurationDelegate : Finished Spring Data repository scanning in 216 ms. Found 4 JPA repository interfaces.
2022-09-30 07:54:42.157  INFO [Driver Onboarding Application,,] 44899 --- [restartedMain] .s.d.r.c.RepositoryConfigurationDelegate : Multiple Spring Data modules found, entering strict repository configuration mode
2022-09-30 07:54:42.158  INFO [Driver Onboarding Application,,] 44899 --- [restartedMain] .s.d.r.c.RepositoryConfigurationDelegate : Bootstrapping Spring Data Redis repositories in DEFAULT mode.
2022-09-30 07:54:42.183  INFO [Driver Onboarding Application,,] 44899 --- [restartedMain] .RepositoryConfigurationExtensionSupport : Spring Data Redis - Could not safely identify store assignment for repository candidate interface com.intuitcraft.onboarding.repository.DriverCommunicationPreferencesRepository; If you want this repository to be a Redis repository, consider annotating your entities with one of these annotations: org.springframework.data.redis.core.RedisHash (preferred), or consider extending one of the following types with your repository: org.springframework.data.keyvalue.repository.KeyValueRepository
2022-09-30 07:54:42.186  INFO [Driver Onboarding Application,,] 44899 --- [restartedMain] .RepositoryConfigurationExtensionSupport : Spring Data Redis - Could not safely identify store assignment for repository candidate interface com.intuitcraft.onboarding.repository.DriverConsentsRepository; If you want this repository to be a Redis repository, consider annotating your entities with one of these annotations: org.springframework.data.redis.core.RedisHash (preferred), or consider extending one of the following types with your repository: org.springframework.data.keyvalue.repository.KeyValueRepository
2022-09-30 07:54:42.186  INFO [Driver Onboarding Application,,] 44899 --- [restartedMain] .RepositoryConfigurationExtensionSupport : Spring Data Redis - Could not safely identify store assignment for repository candidate interface com.intuitcraft.onboarding.repository.DriverOnboardStatusRepository; If you want this repository to be a Redis repository, consider annotating your entities with one of these annotations: org.springframework.data.redis.core.RedisHash (preferred), or consider extending one of the following types with your repository: org.springframework.data.keyvalue.repository.KeyValueRepository
2022-09-30 07:54:42.187  INFO [Driver Onboarding Application,,] 44899 --- [restartedMain] .RepositoryConfigurationExtensionSupport : Spring Data Redis - Could not safely identify store assignment for repository candidate interface com.intuitcraft.onboarding.repository.DriverProfileRepository; If you want this repository to be a Redis repository, consider annotating your entities with one of these annotations: org.springframework.data.redis.core.RedisHash (preferred), or consider extending one of the following types with your repository: org.springframework.data.keyvalue.repository.KeyValueRepository
2022-09-30 07:54:42.189  INFO [Driver Onboarding Application,,] 44899 --- [restartedMain] .s.d.r.c.RepositoryConfigurationDelegate : Finished Spring Data repository scanning in 22 ms. Found 0 Redis repository interfaces.
2022-09-30 07:54:42.652  INFO [Driver Onboarding Application,,] 44899 --- [restartedMain] o.s.cloud.context.scope.GenericScope     : BeanFactory id=c9738024-905f-3f51-b88b-7649b0289dfc
2022-09-30 07:54:44.543  INFO [Driver Onboarding Application,,] 44899 --- [restartedMain] o.s.b.w.embedded.tomcat.TomcatWebServer  : Tomcat initialized with port(s): 8080 (http)
2022-09-30 07:54:44.563  INFO [Driver Onboarding Application,,] 44899 --- [restartedMain] o.apache.catalina.core.StandardService   : Starting service [Tomcat]
2022-09-30 07:54:44.563  INFO [Driver Onboarding Application,,] 44899 --- [restartedMain] org.apache.catalina.core.StandardEngine  : Starting Servlet engine: [Apache Tomcat/9.0.65]
2022-09-30 07:54:44.698  INFO [Driver Onboarding Application,,] 44899 --- [restartedMain] o.a.c.c.C.[.[.[/v1/onboarding]           : Initializing Spring embedded WebApplicationContext
2022-09-30 07:54:44.698  INFO [Driver Onboarding Application,,] 44899 --- [restartedMain] w.s.c.ServletWebServerApplicationContext : Root WebApplicationContext: initialization completed in 4627 ms
2022-09-30 07:54:45.772  INFO [Driver Onboarding Application,,] 44899 --- [restartedMain] o.hibernate.jpa.internal.util.LogHelper  : HHH000204: Processing PersistenceUnitInfo [name: default]
2022-09-30 07:54:45.817  INFO [Driver Onboarding Application,,] 44899 --- [restartedMain] org.hibernate.Version                    : HHH000412: Hibernate ORM core version 5.6.11.Final
2022-09-30 07:54:45.970  INFO [Driver Onboarding Application,,] 44899 --- [restartedMain] o.hibernate.annotations.common.Version   : HCANN000001: Hibernate Commons Annotations {5.1.2.Final}
2022-09-30 07:54:46.064  INFO [Driver Onboarding Application,,] 44899 --- [restartedMain] com.zaxxer.hikari.HikariDataSource       : HikariPool-1 - Starting...
2022-09-30 07:54:46.433  INFO [Driver Onboarding Application,,] 44899 --- [restartedMain] com.zaxxer.hikari.HikariDataSource       : HikariPool-1 - Start completed.
2022-09-30 07:54:46.453  INFO [Driver Onboarding Application,,] 44899 --- [restartedMain] org.hibernate.dialect.Dialect            : HHH000400: Using dialect: org.hibernate.dialect.MySQL5InnoDBDialect
2022-09-30 07:54:47.643  INFO [Driver Onboarding Application,,] 44899 --- [restartedMain] o.h.e.t.j.p.i.JtaPlatformInitiator       : HHH000490: Using JtaPlatform implementation: [org.hibernate.engine.transaction.jta.platform.internal.NoJtaPlatform]
2022-09-30 07:54:47.653  INFO [Driver Onboarding Application,,] 44899 --- [restartedMain] j.LocalContainerEntityManagerFactoryBean : Initialized JPA EntityManagerFactory for persistence unit 'default'
2022-09-30 07:54:49.403  WARN [Driver Onboarding Application,,] 44899 --- [restartedMain] JpaBaseConfiguration$JpaWebConfiguration : spring.jpa.open-in-view is enabled by default. Therefore, database queries may be performed during view rendering. Explicitly configure spring.jpa.open-in-view to disable this warning
2022-09-30 07:54:50.739  INFO [Driver Onboarding Application,,] 44899 --- [restartedMain] o.s.b.d.a.OptionalLiveReloadServer       : LiveReload server is running on port 35729
2022-09-30 07:54:50.998  INFO [Driver Onboarding Application,,] 44899 --- [restartedMain] o.s.b.w.embedded.tomcat.TomcatWebServer  : Tomcat started on port(s): 8080 (http) with context path '/v1/onboarding'
2022-09-30 07:54:51.025  INFO [Driver Onboarding Application,,] 44899 --- [restartedMain] c.i.onboarding.OnboardingApplication     : Started OnboardingApplication in 11.96 seconds (JVM running for 12.977)
2022-09-30 07:55:27.898  INFO [Driver Onboarding Application,6e02915a3b7a2b79,6e02915a3b7a2b79] 44899 --- [http-nio-8080-exec-2] o.a.c.c.C.[.[.[/v1/onboarding]           : Initializing Spring DispatcherServlet 'dispatcherServlet'
2022-09-30 07:55:27.899  INFO [Driver Onboarding Application,6e02915a3b7a2b79,6e02915a3b7a2b79] 44899 --- [http-nio-8080-exec-2] o.s.web.servlet.DispatcherServlet        : Initializing Servlet 'dispatcherServlet'
2022-09-30 07:55:27.902  INFO [Driver Onboarding Application,6e02915a3b7a2b79,6e02915a3b7a2b79] 44899 --- [http-nio-8080-exec-2] o.s.web.servlet.DispatcherServlet        : Completed initialization in 3 ms
2022-09-30 07:55:28.734 ERROR [Driver Onboarding Application,6e02915a3b7a2b79,6e02915a3b7a2b79] 44899 --- [http-nio-8080-exec-2] c.i.onboarding.service.OTPService        : Incorrect otp token passed
2022-09-30 07:55:28.790  WARN [Driver Onboarding Application,6e02915a3b7a2b79,6e02915a3b7a2b79] 44899 --- [http-nio-8080-exec-2] .m.m.a.ExceptionHandlerExceptionResolver : Resolved [IdentityException(code=INVALID_TOKEN, message= Incorrect otp token, status=400 BAD_REQUEST)]
2022-09-30 07:55:52.604  INFO [Driver Onboarding Application,904008fb0a61a029,904008fb0a61a029] 44899 --- [http-nio-8080-exec-3] c.i.onboarding.service.OTPService        : OTP token generated for 9999999989
2022-09-30 07:56:24.182  INFO [Driver Onboarding Application,bf7f1bfa6db9113d,bf7f1bfa6db9113d] 44899 --- [http-nio-8080-exec-5] c.intuitcraft.onboarding.cache.OTPCache  : Getting data from cache for T05CT0FSRDk5OTk5OTk5ODkjUkVHSVNURVIyMDIyLTA5LTMwIDA3OjU1OjUyLjU3OQ==
2022-09-30 07:56:24.232 ERROR [Driver Onboarding Application,bf7f1bfa6db9113d,bf7f1bfa6db9113d] 44899 --- [http-nio-8080-exec-5] c.i.onboarding.service.OTPService        : Incorrect otp passed - remaining attempt 1
2022-09-30 07:56:24.242  WARN [Driver Onboarding Application,bf7f1bfa6db9113d,bf7f1bfa6db9113d] 44899 --- [http-nio-8080-exec-5] .m.m.a.ExceptionHandlerExceptionResolver : Resolved [IdentityException(code=INCORRECT_OTP, message=Attempt Remaining : 1, status=400 BAD_REQUEST)]
2022-09-30 07:57:02.270  INFO [Driver Onboarding Application,971ec992356015ca,971ec992356015ca] 44899 --- [http-nio-8080-exec-6] c.intuitcraft.onboarding.cache.OTPCache  : Getting data from cache for T05CT0FSRDk5OTk5OTk5ODkjUkVHSVNURVIyMDIyLTA5LTMwIDA3OjU1OjUyLjU3OQ==
2022-09-30 07:57:02.285 ERROR [Driver Onboarding Application,971ec992356015ca,971ec992356015ca] 44899 --- [http-nio-8080-exec-6] c.i.onboarding.service.OTPService        : Incorrect attempts exhausted for REGISTER9999999989
2022-09-30 07:57:02.287  WARN [Driver Onboarding Application,971ec992356015ca,971ec992356015ca] 44899 --- [http-nio-8080-exec-6] .m.m.a.ExceptionHandlerExceptionResolver : Resolved [IdentityException(code=USER_BLOCKED, message=User blocked for 5 minutes, status=401 UNAUTHORIZED)]
2022-09-30 07:57:30.888  WARN [Driver Onboarding Application,f7f178848626c7f3,f7f178848626c7f3] 44899 --- [http-nio-8080-exec-8] .m.m.a.ExceptionHandlerExceptionResolver : Resolved [java.lang.ClassCastException: java.lang.Integer cannot be cast to java.lang.String]
2022-09-30 07:59:16.139  INFO [Driver Onboarding Application,,] 45691 --- [restartedMain] c.i.onboarding.OnboardingApplication     : Starting OnboardingApplication using Java 1.8.0_232 on LM-BGL-42621363 with PID 45691 (/Users/neerajakumar/Downloads/onboarding/target/classes started by neerajakumar in /Users/neerajakumar/Downloads/onboarding)
2022-09-30 07:59:16.145  INFO [Driver Onboarding Application,,] 45691 --- [restartedMain] c.i.onboarding.OnboardingApplication     : No active profile set, falling back to 1 default profile: "default"
2022-09-30 07:59:16.326  INFO [Driver Onboarding Application,,] 45691 --- [restartedMain] .e.DevToolsPropertyDefaultsPostProcessor : Devtools property defaults active! Set 'spring.devtools.add-properties' to 'false' to disable
2022-09-30 07:59:16.326  INFO [Driver Onboarding Application,,] 45691 --- [restartedMain] .e.DevToolsPropertyDefaultsPostProcessor : For additional web related logging consider setting the 'logging.level.web' property to 'DEBUG'
2022-09-30 07:59:18.147  INFO [Driver Onboarding Application,,] 45691 --- [restartedMain] .s.d.r.c.RepositoryConfigurationDelegate : Multiple Spring Data modules found, entering strict repository configuration mode
2022-09-30 07:59:18.150  INFO [Driver Onboarding Application,,] 45691 --- [restartedMain] .s.d.r.c.RepositoryConfigurationDelegate : Bootstrapping Spring Data JPA repositories in DEFAULT mode.
2022-09-30 07:59:18.400  INFO [Driver Onboarding Application,,] 45691 --- [restartedMain] .s.d.r.c.RepositoryConfigurationDelegate : Finished Spring Data repository scanning in 241 ms. Found 4 JPA repository interfaces.
2022-09-30 07:59:18.435  INFO [Driver Onboarding Application,,] 45691 --- [restartedMain] .s.d.r.c.RepositoryConfigurationDelegate : Multiple Spring Data modules found, entering strict repository configuration mode
2022-09-30 07:59:18.437  INFO [Driver Onboarding Application,,] 45691 --- [restartedMain] .s.d.r.c.RepositoryConfigurationDelegate : Bootstrapping Spring Data Redis repositories in DEFAULT mode.
2022-09-30 07:59:18.465  INFO [Driver Onboarding Application,,] 45691 --- [restartedMain] .RepositoryConfigurationExtensionSupport : Spring Data Redis - Could not safely identify store assignment for repository candidate interface com.intuitcraft.onboarding.repository.DriverCommunicationPreferencesRepository; If you want this repository to be a Redis repository, consider annotating your entities with one of these annotations: org.springframework.data.redis.core.RedisHash (preferred), or consider extending one of the following types with your repository: org.springframework.data.keyvalue.repository.KeyValueRepository
2022-09-30 07:59:18.466  INFO [Driver Onboarding Application,,] 45691 --- [restartedMain] .RepositoryConfigurationExtensionSupport : Spring Data Redis - Could not safely identify store assignment for repository candidate interface com.intuitcraft.onboarding.repository.DriverConsentsRepository; If you want this repository to be a Redis repository, consider annotating your entities with one of these annotations: org.springframework.data.redis.core.RedisHash (preferred), or consider extending one of the following types with your repository: org.springframework.data.keyvalue.repository.KeyValueRepository
2022-09-30 07:59:18.467  INFO [Driver Onboarding Application,,] 45691 --- [restartedMain] .RepositoryConfigurationExtensionSupport : Spring Data Redis - Could not safely identify store assignment for repository candidate interface com.intuitcraft.onboarding.repository.DriverOnboardStatusRepository; If you want this repository to be a Redis repository, consider annotating your entities with one of these annotations: org.springframework.data.redis.core.RedisHash (preferred), or consider extending one of the following types with your repository: org.springframework.data.keyvalue.repository.KeyValueRepository
2022-09-30 07:59:18.469  INFO [Driver Onboarding Application,,] 45691 --- [restartedMain] .RepositoryConfigurationExtensionSupport : Spring Data Redis - Could not safely identify store assignment for repository candidate interface com.intuitcraft.onboarding.repository.DriverProfileRepository; If you want this repository to be a Redis repository, consider annotating your entities with one of these annotations: org.springframework.data.redis.core.RedisHash (preferred), or consider extending one of the following types with your repository: org.springframework.data.keyvalue.repository.KeyValueRepository
2022-09-30 07:59:18.472  INFO [Driver Onboarding Application,,] 45691 --- [restartedMain] .s.d.r.c.RepositoryConfigurationDelegate : Finished Spring Data repository scanning in 27 ms. Found 0 Redis repository interfaces.
2022-09-30 07:59:18.955  INFO [Driver Onboarding Application,,] 45691 --- [restartedMain] o.s.cloud.context.scope.GenericScope     : BeanFactory id=c9738024-905f-3f51-b88b-7649b0289dfc
2022-09-30 07:59:20.978  INFO [Driver Onboarding Application,,] 45691 --- [restartedMain] o.s.b.w.embedded.tomcat.TomcatWebServer  : Tomcat initialized with port(s): 8080 (http)
2022-09-30 07:59:20.998  INFO [Driver Onboarding Application,,] 45691 --- [restartedMain] o.apache.catalina.core.StandardService   : Starting service [Tomcat]
2022-09-30 07:59:21.002  INFO [Driver Onboarding Application,,] 45691 --- [restartedMain] org.apache.catalina.core.StandardEngine  : Starting Servlet engine: [Apache Tomcat/9.0.65]
2022-09-30 07:59:21.160  INFO [Driver Onboarding Application,,] 45691 --- [restartedMain] o.a.c.c.C.[.[.[/v1/onboarding]           : Initializing Spring embedded WebApplicationContext
2022-09-30 07:59:21.160  INFO [Driver Onboarding Application,,] 45691 --- [restartedMain] w.s.c.ServletWebServerApplicationContext : Root WebApplicationContext: initialization completed in 4833 ms
2022-09-30 07:59:22.298  INFO [Driver Onboarding Application,,] 45691 --- [restartedMain] o.hibernate.jpa.internal.util.LogHelper  : HHH000204: Processing PersistenceUnitInfo [name: default]
2022-09-30 07:59:22.347  INFO [Driver Onboarding Application,,] 45691 --- [restartedMain] org.hibernate.Version                    : HHH000412: Hibernate ORM core version 5.6.11.Final
2022-09-30 07:59:22.510  INFO [Driver Onboarding Application,,] 45691 --- [restartedMain] o.hibernate.annotations.common.Version   : HCANN000001: Hibernate Commons Annotations {5.1.2.Final}
2022-09-30 07:59:22.617  INFO [Driver Onboarding Application,,] 45691 --- [restartedMain] com.zaxxer.hikari.HikariDataSource       : HikariPool-1 - Starting...
2022-09-30 07:59:23.046  INFO [Driver Onboarding Application,,] 45691 --- [restartedMain] com.zaxxer.hikari.HikariDataSource       : HikariPool-1 - Start completed.
2022-09-30 07:59:23.063  INFO [Driver Onboarding Application,,] 45691 --- [restartedMain] org.hibernate.dialect.Dialect            : HHH000400: Using dialect: org.hibernate.dialect.MySQL5InnoDBDialect
2022-09-30 07:59:24.371  INFO [Driver Onboarding Application,,] 45691 --- [restartedMain] o.h.e.t.j.p.i.JtaPlatformInitiator       : HHH000490: Using JtaPlatform implementation: [org.hibernate.engine.transaction.jta.platform.internal.NoJtaPlatform]
2022-09-30 07:59:24.381  INFO [Driver Onboarding Application,,] 45691 --- [restartedMain] j.LocalContainerEntityManagerFactoryBean : Initialized JPA EntityManagerFactory for persistence unit 'default'
2022-09-30 07:59:26.649  WARN [Driver Onboarding Application,,] 45691 --- [restartedMain] JpaBaseConfiguration$JpaWebConfiguration : spring.jpa.open-in-view is enabled by default. Therefore, database queries may be performed during view rendering. Explicitly configure spring.jpa.open-in-view to disable this warning
2022-09-30 07:59:28.161  INFO [Driver Onboarding Application,,] 45691 --- [restartedMain] o.s.b.d.a.OptionalLiveReloadServer       : LiveReload server is running on port 35729
2022-09-30 07:59:28.458  INFO [Driver Onboarding Application,,] 45691 --- [restartedMain] o.s.b.w.embedded.tomcat.TomcatWebServer  : Tomcat started on port(s): 8080 (http) with context path '/v1/onboarding'
2022-09-30 07:59:28.493  INFO [Driver Onboarding Application,,] 45691 --- [restartedMain] c.i.onboarding.OnboardingApplication     : Started OnboardingApplication in 13.194 seconds (JVM running for 14.704)
2022-09-30 08:00:11.215  INFO [Driver Onboarding Application,57c552e3d9742611,57c552e3d9742611] 45691 --- [http-nio-8080-exec-2] o.a.c.c.C.[.[.[/v1/onboarding]           : Initializing Spring DispatcherServlet 'dispatcherServlet'
2022-09-30 08:00:11.216  INFO [Driver Onboarding Application,57c552e3d9742611,57c552e3d9742611] 45691 --- [http-nio-8080-exec-2] o.s.web.servlet.DispatcherServlet        : Initializing Servlet 'dispatcherServlet'
2022-09-30 08:00:11.219  INFO [Driver Onboarding Application,57c552e3d9742611,57c552e3d9742611] 45691 --- [http-nio-8080-exec-2] o.s.web.servlet.DispatcherServlet        : Completed initialization in 3 ms
2022-09-30 08:01:23.584  WARN [Driver Onboarding Application,,] 45691 --- [HikariPool-1 housekeeper] com.zaxxer.hikari.pool.HikariPool        : HikariPool-1 - Thread starvation or clock leap detected (housekeeper delta=54s745ms).
2022-09-30 08:01:23.669  WARN [Driver Onboarding Application,57c552e3d9742611,57c552e3d9742611] 45691 --- [http-nio-8080-exec-2] .m.m.a.ExceptionHandlerExceptionResolver : Resolved [java.lang.ClassCastException: java.lang.Integer cannot be cast to java.lang.String]
2022-09-30 08:01:39.783  INFO [Driver Onboarding Application,,] 45691 --- [File Watcher] rtingClassPathChangeChangedEventListener : Restarting due to 1 class path change (0 additions, 1 deletion, 0 modifications)
2022-09-30 08:01:42.806  WARN [Driver Onboarding Application,,] 45691 --- [Thread-7] org.apache.tomcat.util.net.NioEndpoint   : Failed to unlock acceptor for [http-nio-8080] because the local address was not available
2022-09-30 08:01:42.808  INFO [Driver Onboarding Application,,] 45691 --- [Thread-7] o.apache.catalina.core.StandardService   : Stopping service [Tomcat]
2022-09-30 08:01:42.818  INFO [Driver Onboarding Application,,] 45691 --- [Thread-7] o.a.c.c.C.[.[.[/v1/onboarding]           : Destroying Spring FrameworkServlet 'dispatcherServlet'
2022-09-30 08:01:42.832 ERROR [Driver Onboarding Application,,] 45691 --- [http-nio-8080-Acceptor] org.apache.tomcat.util.net.Acceptor      : Socket accept failed

java.nio.channels.AsynchronousCloseException: null
	at java.nio.channels.spi.AbstractInterruptibleChannel.end(AbstractInterruptibleChannel.java:205) ~[na:1.8.0_232]
	at sun.nio.ch.ServerSocketChannelImpl.accept(ServerSocketChannelImpl.java:254) ~[na:1.8.0_232]
	at org.apache.tomcat.util.net.NioEndpoint.serverSocketAccept(NioEndpoint.java:547) ~[tomcat-embed-core-9.0.65.jar:9.0.65]
	at org.apache.tomcat.util.net.NioEndpoint.serverSocketAccept(NioEndpoint.java:79) ~[tomcat-embed-core-9.0.65.jar:9.0.65]
	at org.apache.tomcat.util.net.Acceptor.run(Acceptor.java:129) ~[tomcat-embed-core-9.0.65.jar:9.0.65]
	at java.lang.Thread.run(Thread.java:748) [na:1.8.0_232]

2022-09-30 08:01:42.837  WARN [Driver Onboarding Application,,] 45691 --- [Thread-7] o.a.c.loader.WebappClassLoaderBase       : The web application [v1#onboarding] appears to have started a thread named [lettuce-nioEventLoop-6-1] but has failed to stop it. This is very likely to create a memory leak. Stack trace of thread:
 sun.nio.ch.KQueueArrayWrapper.kevent0(Native Method)
 sun.nio.ch.KQueueArrayWrapper.poll(KQueueArrayWrapper.java:198)
 sun.nio.ch.KQueueSelectorImpl.doSelect(KQueueSelectorImpl.java:117)
 sun.nio.ch.SelectorImpl.lockAndDoSelect(SelectorImpl.java:86)
 sun.nio.ch.SelectorImpl.select(SelectorImpl.java:97)
 sun.nio.ch.SelectorImpl.select(SelectorImpl.java:101)
 io.netty.channel.nio.SelectedSelectionKeySetSelector.select(SelectedSelectionKeySetSelector.java:68)
 io.netty.channel.nio.NioEventLoop.select(NioEventLoop.java:879)
 io.netty.channel.nio.NioEventLoop.run(NioEventLoop.java:526)
 io.netty.util.concurrent.SingleThreadEventExecutor$4.run(SingleThreadEventExecutor.java:997)
 io.netty.util.internal.ThreadExecutorMap$2.run(ThreadExecutorMap.java:74)
 io.netty.util.concurrent.FastThreadLocalRunnable.run(FastThreadLocalRunnable.java:30)
 java.lang.Thread.run(Thread.java:748)
2022-09-30 08:01:43.117  INFO [Driver Onboarding Application,,] 45691 --- [Thread-7] j.LocalContainerEntityManagerFactoryBean : Closing JPA EntityManagerFactory for persistence unit 'default'
2022-09-30 08:01:43.144  INFO [Driver Onboarding Application,,] 45691 --- [Thread-7] com.zaxxer.hikari.HikariDataSource       : HikariPool-1 - Shutdown initiated...
2022-09-30 08:01:43.179  INFO [Driver Onboarding Application,,] 45691 --- [Thread-7] com.zaxxer.hikari.HikariDataSource       : HikariPool-1 - Shutdown completed.
2022-09-30 08:01:43.643  INFO [Driver Onboarding Application,,] 45691 --- [restartedMain] c.i.onboarding.OnboardingApplication     : Starting OnboardingApplication using Java 1.8.0_232 on LM-BGL-42621363 with PID 45691 (/Users/neerajakumar/Downloads/onboarding/target/classes started by neerajakumar in /Users/neerajakumar/Downloads/onboarding)
2022-09-30 08:01:43.647  INFO [Driver Onboarding Application,,] 45691 --- [restartedMain] c.i.onboarding.OnboardingApplication     : No active profile set, falling back to 1 default profile: "default"
2022-09-30 08:01:44.919  INFO [Driver Onboarding Application,,] 45691 --- [restartedMain] .s.d.r.c.RepositoryConfigurationDelegate : Multiple Spring Data modules found, entering strict repository configuration mode
2022-09-30 08:01:44.937  INFO [Driver Onboarding Application,,] 45691 --- [restartedMain] .s.d.r.c.RepositoryConfigurationDelegate : Bootstrapping Spring Data JPA repositories in DEFAULT mode.
2022-09-30 08:01:45.097  INFO [Driver Onboarding Application,,] 45691 --- [restartedMain] .s.d.r.c.RepositoryConfigurationDelegate : Finished Spring Data repository scanning in 158 ms. Found 4 JPA repository interfaces.
2022-09-30 08:01:45.112  INFO [Driver Onboarding Application,,] 45691 --- [restartedMain] .s.d.r.c.RepositoryConfigurationDelegate : Multiple Spring Data modules found, entering strict repository configuration mode
2022-09-30 08:01:45.112  INFO [Driver Onboarding Application,,] 45691 --- [restartedMain] .s.d.r.c.RepositoryConfigurationDelegate : Bootstrapping Spring Data Redis repositories in DEFAULT mode.
2022-09-30 08:01:45.128  INFO [Driver Onboarding Application,,] 45691 --- [restartedMain] .RepositoryConfigurationExtensionSupport : Spring Data Redis - Could not safely identify store assignment for repository candidate interface com.intuitcraft.onboarding.repository.DriverCommunicationPreferencesRepository; If you want this repository to be a Redis repository, consider annotating your entities with one of these annotations: org.springframework.data.redis.core.RedisHash (preferred), or consider extending one of the following types with your repository: org.springframework.data.keyvalue.repository.KeyValueRepository
2022-09-30 08:01:45.130  INFO [Driver Onboarding Application,,] 45691 --- [restartedMain] .RepositoryConfigurationExtensionSupport : Spring Data Redis - Could not safely identify store assignment for repository candidate interface com.intuitcraft.onboarding.repository.DriverConsentsRepository; If you want this repository to be a Redis repository, consider annotating your entities with one of these annotations: org.springframework.data.redis.core.RedisHash (preferred), or consider extending one of the following types with your repository: org.springframework.data.keyvalue.repository.KeyValueRepository
2022-09-30 08:01:45.131  INFO [Driver Onboarding Application,,] 45691 --- [restartedMain] .RepositoryConfigurationExtensionSupport : Spring Data Redis - Could not safely identify store assignment for repository candidate interface com.intuitcraft.onboarding.repository.DriverOnboardStatusRepository; If you want this repository to be a Redis repository, consider annotating your entities with one of these annotations: org.springframework.data.redis.core.RedisHash (preferred), or consider extending one of the following types with your repository: org.springframework.data.keyvalue.repository.KeyValueRepository
2022-09-30 08:01:45.134  INFO [Driver Onboarding Application,,] 45691 --- [restartedMain] .RepositoryConfigurationExtensionSupport : Spring Data Redis - Could not safely identify store assignment for repository candidate interface com.intuitcraft.onboarding.repository.DriverProfileRepository; If you want this repository to be a Redis repository, consider annotating your entities with one of these annotations: org.springframework.data.redis.core.RedisHash (preferred), or consider extending one of the following types with your repository: org.springframework.data.keyvalue.repository.KeyValueRepository
2022-09-30 08:01:45.137  INFO [Driver Onboarding Application,,] 45691 --- [restartedMain] .s.d.r.c.RepositoryConfigurationDelegate : Finished Spring Data repository scanning in 24 ms. Found 0 Redis repository interfaces.
2022-09-30 08:01:45.469  INFO [Driver Onboarding Application,,] 45691 --- [restartedMain] o.s.cloud.context.scope.GenericScope     : BeanFactory id=c9738024-905f-3f51-b88b-7649b0289dfc
2022-09-30 08:01:46.326  INFO [Driver Onboarding Application,,] 45691 --- [restartedMain] o.s.b.w.embedded.tomcat.TomcatWebServer  : Tomcat initialized with port(s): 8080 (http)
2022-09-30 08:01:46.337  INFO [Driver Onboarding Application,,] 45691 --- [restartedMain] o.apache.catalina.core.StandardService   : Starting service [Tomcat]
2022-09-30 08:01:46.339  INFO [Driver Onboarding Application,,] 45691 --- [restartedMain] org.apache.catalina.core.StandardEngine  : Starting Servlet engine: [Apache Tomcat/9.0.65]
2022-09-30 08:01:46.371  INFO [Driver Onboarding Application,,] 45691 --- [restartedMain] o.a.c.c.C.[.[.[/v1/onboarding]           : Initializing Spring embedded WebApplicationContext
2022-09-30 08:01:46.373  INFO [Driver Onboarding Application,,] 45691 --- [restartedMain] w.s.c.ServletWebServerApplicationContext : Root WebApplicationContext: initialization completed in 2706 ms
2022-09-30 08:01:46.893  INFO [Driver Onboarding Application,,] 45691 --- [restartedMain] o.hibernate.jpa.internal.util.LogHelper  : HHH000204: Processing PersistenceUnitInfo [name: default]
2022-09-30 08:01:46.905  INFO [Driver Onboarding Application,,] 45691 --- [restartedMain] com.zaxxer.hikari.HikariDataSource       : HikariPool-2 - Starting...
2022-09-30 08:01:47.052  INFO [Driver Onboarding Application,,] 45691 --- [restartedMain] com.zaxxer.hikari.HikariDataSource       : HikariPool-2 - Start completed.
2022-09-30 08:01:47.054  INFO [Driver Onboarding Application,,] 45691 --- [restartedMain] org.hibernate.dialect.Dialect            : HHH000400: Using dialect: org.hibernate.dialect.MySQL5InnoDBDialect
2022-09-30 08:01:47.372  INFO [Driver Onboarding Application,,] 45691 --- [restartedMain] o.h.e.t.j.p.i.JtaPlatformInitiator       : HHH000490: Using JtaPlatform implementation: [org.hibernate.engine.transaction.jta.platform.internal.NoJtaPlatform]
2022-09-30 08:01:47.373  INFO [Driver Onboarding Application,,] 45691 --- [restartedMain] j.LocalContainerEntityManagerFactoryBean : Initialized JPA EntityManagerFactory for persistence unit 'default'
2022-09-30 08:01:48.159  WARN [Driver Onboarding Application,,] 45691 --- [restartedMain] JpaBaseConfiguration$JpaWebConfiguration : spring.jpa.open-in-view is enabled by default. Therefore, database queries may be performed during view rendering. Explicitly configure spring.jpa.open-in-view to disable this warning
2022-09-30 08:01:48.604  INFO [Driver Onboarding Application,,] 45691 --- [restartedMain] o.s.b.d.a.OptionalLiveReloadServer       : LiveReload server is running on port 35729
2022-09-30 08:01:48.730  INFO [Driver Onboarding Application,,] 45691 --- [restartedMain] o.s.b.w.embedded.tomcat.TomcatWebServer  : Tomcat started on port(s): 8080 (http) with context path '/v1/onboarding'
2022-09-30 08:01:48.750  INFO [Driver Onboarding Application,,] 45691 --- [restartedMain] c.i.onboarding.OnboardingApplication     : Started OnboardingApplication in 5.307 seconds (JVM running for 154.962)
2022-09-30 08:01:48.815  INFO [Driver Onboarding Application,,] 45691 --- [restartedMain] .ConditionEvaluationDeltaLoggingListener : Condition evaluation unchanged
2022-09-30 08:01:50.070  INFO [Driver Onboarding Application,,] 45691 --- [File Watcher] rtingClassPathChangeChangedEventListener : Restarting due to 1 class path change (1 addition, 0 deletions, 0 modifications)
2022-09-30 08:01:53.087  WARN [Driver Onboarding Application,,] 45691 --- [Thread-10] org.apache.tomcat.util.net.NioEndpoint   : Failed to unlock acceptor for [http-nio-8080] because the local address was not available
2022-09-30 08:01:53.094  INFO [Driver Onboarding Application,,] 45691 --- [Thread-10] o.apache.catalina.core.StandardService   : Stopping service [Tomcat]
2022-09-30 08:01:53.095 ERROR [Driver Onboarding Application,,] 45691 --- [http-nio-8080-Acceptor] org.apache.tomcat.util.net.Acceptor      : Socket accept failed

java.nio.channels.AsynchronousCloseException: null
	at java.nio.channels.spi.AbstractInterruptibleChannel.end(AbstractInterruptibleChannel.java:205) ~[na:1.8.0_232]
	at sun.nio.ch.ServerSocketChannelImpl.accept(ServerSocketChannelImpl.java:254) ~[na:1.8.0_232]
	at org.apache.tomcat.util.net.NioEndpoint.serverSocketAccept(NioEndpoint.java:547) ~[tomcat-embed-core-9.0.65.jar:9.0.65]
	at org.apache.tomcat.util.net.NioEndpoint.serverSocketAccept(NioEndpoint.java:79) ~[tomcat-embed-core-9.0.65.jar:9.0.65]
	at org.apache.tomcat.util.net.Acceptor.run(Acceptor.java:129) ~[tomcat-embed-core-9.0.65.jar:9.0.65]
	at java.lang.Thread.run(Thread.java:748) [na:1.8.0_232]

2022-09-30 08:01:53.258  INFO [Driver Onboarding Application,,] 45691 --- [Thread-10] j.LocalContainerEntityManagerFactoryBean : Closing JPA EntityManagerFactory for persistence unit 'default'
2022-09-30 08:01:53.265  INFO [Driver Onboarding Application,,] 45691 --- [Thread-10] com.zaxxer.hikari.HikariDataSource       : HikariPool-2 - Shutdown initiated...
2022-09-30 08:01:53.291  INFO [Driver Onboarding Application,,] 45691 --- [Thread-10] com.zaxxer.hikari.HikariDataSource       : HikariPool-2 - Shutdown completed.
2022-09-30 08:01:53.848  INFO [Driver Onboarding Application,,] 45691 --- [restartedMain] c.i.onboarding.OnboardingApplication     : Starting OnboardingApplication using Java 1.8.0_232 on LM-BGL-42621363 with PID 45691 (/Users/neerajakumar/Downloads/onboarding/target/classes started by neerajakumar in /Users/neerajakumar/Downloads/onboarding)
2022-09-30 08:01:53.854  INFO [Driver Onboarding Application,,] 45691 --- [restartedMain] c.i.onboarding.OnboardingApplication     : No active profile set, falling back to 1 default profile: "default"
2022-09-30 08:01:54.388  INFO [Driver Onboarding Application,,] 45691 --- [restartedMain] .s.d.r.c.RepositoryConfigurationDelegate : Multiple Spring Data modules found, entering strict repository configuration mode
2022-09-30 08:01:54.391  INFO [Driver Onboarding Application,,] 45691 --- [restartedMain] .s.d.r.c.RepositoryConfigurationDelegate : Bootstrapping Spring Data JPA repositories in DEFAULT mode.
2022-09-30 08:01:54.437  INFO [Driver Onboarding Application,,] 45691 --- [restartedMain] .s.d.r.c.RepositoryConfigurationDelegate : Finished Spring Data repository scanning in 45 ms. Found 4 JPA repository interfaces.
2022-09-30 08:01:54.441  INFO [Driver Onboarding Application,,] 45691 --- [restartedMain] .s.d.r.c.RepositoryConfigurationDelegate : Multiple Spring Data modules found, entering strict repository configuration mode
2022-09-30 08:01:54.443  INFO [Driver Onboarding Application,,] 45691 --- [restartedMain] .s.d.r.c.RepositoryConfigurationDelegate : Bootstrapping Spring Data Redis repositories in DEFAULT mode.
2022-09-30 08:01:54.449  INFO [Driver Onboarding Application,,] 45691 --- [restartedMain] .RepositoryConfigurationExtensionSupport : Spring Data Redis - Could not safely identify store assignment for repository candidate interface com.intuitcraft.onboarding.repository.DriverCommunicationPreferencesRepository; If you want this repository to be a Redis repository, consider annotating your entities with one of these annotations: org.springframework.data.redis.core.RedisHash (preferred), or consider extending one of the following types with your repository: org.springframework.data.keyvalue.repository.KeyValueRepository
2022-09-30 08:01:54.450  INFO [Driver Onboarding Application,,] 45691 --- [restartedMain] .RepositoryConfigurationExtensionSupport : Spring Data Redis - Could not safely identify store assignment for repository candidate interface com.intuitcraft.onboarding.repository.DriverConsentsRepository; If you want this repository to be a Redis repository, consider annotating your entities with one of these annotations: org.springframework.data.redis.core.RedisHash (preferred), or consider extending one of the following types with your repository: org.springframework.data.keyvalue.repository.KeyValueRepository
2022-09-30 08:01:54.450  INFO [Driver Onboarding Application,,] 45691 --- [restartedMain] .RepositoryConfigurationExtensionSupport : Spring Data Redis - Could not safely identify store assignment for repository candidate interface com.intuitcraft.onboarding.repository.DriverOnboardStatusRepository; If you want this repository to be a Redis repository, consider annotating your entities with one of these annotations: org.springframework.data.redis.core.RedisHash (preferred), or consider extending one of the following types with your repository: org.springframework.data.keyvalue.repository.KeyValueRepository
2022-09-30 08:01:54.451  INFO [Driver Onboarding Application,,] 45691 --- [restartedMain] .RepositoryConfigurationExtensionSupport : Spring Data Redis - Could not safely identify store assignment for repository candidate interface com.intuitcraft.onboarding.repository.DriverProfileRepository; If you want this repository to be a Redis repository, consider annotating your entities with one of these annotations: org.springframework.data.redis.core.RedisHash (preferred), or consider extending one of the following types with your repository: org.springframework.data.keyvalue.repository.KeyValueRepository
2022-09-30 08:01:54.451  INFO [Driver Onboarding Application,,] 45691 --- [restartedMain] .s.d.r.c.RepositoryConfigurationDelegate : Finished Spring Data repository scanning in 8 ms. Found 0 Redis repository interfaces.
2022-09-30 08:01:54.555  INFO [Driver Onboarding Application,,] 45691 --- [restartedMain] o.s.cloud.context.scope.GenericScope     : BeanFactory id=c9738024-905f-3f51-b88b-7649b0289dfc
2022-09-30 08:01:55.038  INFO [Driver Onboarding Application,,] 45691 --- [restartedMain] o.s.b.w.embedded.tomcat.TomcatWebServer  : Tomcat initialized with port(s): 8080 (http)
2022-09-30 08:01:55.044  INFO [Driver Onboarding Application,,] 45691 --- [restartedMain] o.apache.catalina.core.StandardService   : Starting service [Tomcat]
2022-09-30 08:01:55.045  INFO [Driver Onboarding Application,,] 45691 --- [restartedMain] org.apache.catalina.core.StandardEngine  : Starting Servlet engine: [Apache Tomcat/9.0.65]
2022-09-30 08:01:55.067  INFO [Driver Onboarding Application,,] 45691 --- [restartedMain] o.a.c.c.C.[.[.[/v1/onboarding]           : Initializing Spring embedded WebApplicationContext
2022-09-30 08:01:55.069  INFO [Driver Onboarding Application,,] 45691 --- [restartedMain] w.s.c.ServletWebServerApplicationContext : Root WebApplicationContext: initialization completed in 1194 ms
2022-09-30 08:01:55.328  INFO [Driver Onboarding Application,,] 45691 --- [restartedMain] o.hibernate.jpa.internal.util.LogHelper  : HHH000204: Processing PersistenceUnitInfo [name: default]
2022-09-30 08:01:55.337  INFO [Driver Onboarding Application,,] 45691 --- [restartedMain] com.zaxxer.hikari.HikariDataSource       : HikariPool-3 - Starting...
2022-09-30 08:01:55.410  INFO [Driver Onboarding Application,,] 45691 --- [restartedMain] com.zaxxer.hikari.HikariDataSource       : HikariPool-3 - Start completed.
2022-09-30 08:01:55.411  INFO [Driver Onboarding Application,,] 45691 --- [restartedMain] org.hibernate.dialect.Dialect            : HHH000400: Using dialect: org.hibernate.dialect.MySQL5InnoDBDialect
2022-09-30 08:01:55.656  INFO [Driver Onboarding Application,,] 45691 --- [restartedMain] o.h.e.t.j.p.i.JtaPlatformInitiator       : HHH000490: Using JtaPlatform implementation: [org.hibernate.engine.transaction.jta.platform.internal.NoJtaPlatform]
2022-09-30 08:01:55.660  INFO [Driver Onboarding Application,,] 45691 --- [restartedMain] j.LocalContainerEntityManagerFactoryBean : Initialized JPA EntityManagerFactory for persistence unit 'default'
2022-09-30 08:01:56.196  WARN [Driver Onboarding Application,,] 45691 --- [restartedMain] JpaBaseConfiguration$JpaWebConfiguration : spring.jpa.open-in-view is enabled by default. Therefore, database queries may be performed during view rendering. Explicitly configure spring.jpa.open-in-view to disable this warning
2022-09-30 08:01:56.642  INFO [Driver Onboarding Application,,] 45691 --- [restartedMain] o.s.b.d.a.OptionalLiveReloadServer       : LiveReload server is running on port 35729
2022-09-30 08:01:56.737  INFO [Driver Onboarding Application,,] 45691 --- [restartedMain] o.s.b.w.embedded.tomcat.TomcatWebServer  : Tomcat started on port(s): 8080 (http) with context path '/v1/onboarding'
2022-09-30 08:01:56.750  INFO [Driver Onboarding Application,,] 45691 --- [restartedMain] c.i.onboarding.OnboardingApplication     : Started OnboardingApplication in 3.112 seconds (JVM running for 162.962)
2022-09-30 08:01:56.755  INFO [Driver Onboarding Application,,] 45691 --- [restartedMain] .ConditionEvaluationDeltaLoggingListener : Condition evaluation unchanged
2022-09-30 08:02:03.965  INFO [Driver Onboarding Application,8b3b60bc17c6ccb0,8b3b60bc17c6ccb0] 45691 --- [http-nio-8080-exec-2] o.a.c.c.C.[.[.[/v1/onboarding]           : Initializing Spring DispatcherServlet 'dispatcherServlet'
2022-09-30 08:02:03.968  INFO [Driver Onboarding Application,8b3b60bc17c6ccb0,8b3b60bc17c6ccb0] 45691 --- [http-nio-8080-exec-2] o.s.web.servlet.DispatcherServlet        : Initializing Servlet 'dispatcherServlet'
2022-09-30 08:02:03.970  INFO [Driver Onboarding Application,8b3b60bc17c6ccb0,8b3b60bc17c6ccb0] 45691 --- [http-nio-8080-exec-2] o.s.web.servlet.DispatcherServlet        : Completed initialization in 1 ms
2022-09-30 08:02:12.453  INFO [Driver Onboarding Application,8b3b60bc17c6ccb0,8b3b60bc17c6ccb0] 45691 --- [http-nio-8080-exec-2] c.i.onboarding.service.OTPService        : OTP token generated for 9999999989
2022-09-30 08:02:27.935  INFO [Driver Onboarding Application,c11bcd1898f23442,c11bcd1898f23442] 45691 --- [http-nio-8080-exec-3] c.i.onboarding.service.OTPService        : OTP token generated for 9999999989
2022-09-30 08:03:10.641  INFO [Driver Onboarding Application,f0dc2dfe51367785,f0dc2dfe51367785] 45691 --- [http-nio-8080-exec-4] c.intuitcraft.onboarding.cache.OTPCache  : Getting data from cache for T05CT0FSRDk5OTk5OTk5ODkjUkVHSVNURVIyMDIyLTA5LTMwIDA4OjAyOjI3Ljky
2022-09-30 08:03:12.718 ERROR [Driver Onboarding Application,f0dc2dfe51367785,f0dc2dfe51367785] 45691 --- [http-nio-8080-exec-4] c.i.onboarding.service.OTPService        : Incorrect otp passed - remaining attempt 1
2022-09-30 08:03:13.553  WARN [Driver Onboarding Application,f0dc2dfe51367785,f0dc2dfe51367785] 45691 --- [http-nio-8080-exec-4] .m.m.a.ExceptionHandlerExceptionResolver : Resolved [IdentityException(code=INCORRECT_OTP, message=Attempt Remaining : 1, status=400 BAD_REQUEST)]
2022-09-30 08:03:58.111  INFO [Driver Onboarding Application,770f1573031bda92,770f1573031bda92] 45691 --- [http-nio-8080-exec-6] c.i.onboarding.service.OTPService        : OTP token generated for 9999999989
2022-09-30 08:04:18.556  INFO [Driver Onboarding Application,42fdeb49499aba01,42fdeb49499aba01] 45691 --- [http-nio-8080-exec-7] c.intuitcraft.onboarding.cache.OTPCache  : Getting data from cache for T05CT0FSRDk5OTk5OTk5ODkjUkVHSVNURVIyMDIyLTA5LTMwIDA4OjAzOjU4LjA5NQ==
2022-09-30 08:04:19.962 ERROR [Driver Onboarding Application,42fdeb49499aba01,42fdeb49499aba01] 45691 --- [http-nio-8080-exec-7] c.i.onboarding.service.OTPService        : Incorrect attempts exhausted for REGISTER9999999989
2022-09-30 08:04:19.974  WARN [Driver Onboarding Application,42fdeb49499aba01,42fdeb49499aba01] 45691 --- [http-nio-8080-exec-7] .m.m.a.ExceptionHandlerExceptionResolver : Resolved [IdentityException(code=USER_BLOCKED, message=User blocked for 5 minutes, status=401 UNAUTHORIZED)]
2022-09-30 08:04:37.980 ERROR [Driver Onboarding Application,3dc3d0df19a8a659,3dc3d0df19a8a659] 45691 --- [http-nio-8080-exec-8] c.i.onboarding.service.OTPService        : User blocked for 5 minutes
2022-09-30 08:04:40.300  WARN [Driver Onboarding Application,3dc3d0df19a8a659,3dc3d0df19a8a659] 45691 --- [http-nio-8080-exec-8] .m.m.a.ExceptionHandlerExceptionResolver : Resolved [IdentityException(code=USER_BLOCKED, message=User blocked for 5 minutes, status=401 UNAUTHORIZED)]
2022-09-30 08:12:03.642  INFO [Driver Onboarding Application,4ce887310272818e,4ce887310272818e] 45691 --- [http-nio-8080-exec-10] c.i.onboarding.service.OTPService        : OTP token generated for 9999999989
2022-09-30 08:12:28.439  INFO [Driver Onboarding Application,53a18aa3ff330d55,53a18aa3ff330d55] 45691 --- [http-nio-8080-exec-2] c.intuitcraft.onboarding.cache.OTPCache  : Getting data from cache for T05CT0FSRDk5OTk5OTk5ODkjUkVHSVNURVIyMDIyLTA5LTMwIDA4OjEyOjAzLjYzMw==
2022-09-30 08:12:28.474  INFO [Driver Onboarding Application,53a18aa3ff330d55,53a18aa3ff330d55] 45691 --- [http-nio-8080-exec-2] c.intuitcraft.onboarding.cache.OTPCache  : User otp validated, cache cleared
2022-09-30 08:12:28.481  INFO [Driver Onboarding Application,53a18aa3ff330d55,53a18aa3ff330d55] 45691 --- [http-nio-8080-exec-2] c.i.onboarding.service.OTPService        : OTP token and OTP verified for 9999999989
2022-09-30 08:23:51.523 ERROR [Driver Onboarding Application,e3290c2165eef267,e3290c2165eef267] 45691 --- [http-nio-8080-exec-5] c.i.o.service.DriverProfileService       : Driver Profile 3 not found
2022-09-30 08:23:51.533  WARN [Driver Onboarding Application,e3290c2165eef267,e3290c2165eef267] 45691 --- [http-nio-8080-exec-5] .m.m.a.ExceptionHandlerExceptionResolver : Resolved [javax.persistence.EntityNotFoundException: Driver Profile 3 not found]
